<?xml version="1.0" encoding="UTF-8"?>
<testng-results skipped="0" failed="0" total="1" passed="1">
  <reporter-output>
  </reporter-output>
  <suite name="Default suite" duration-ms="9165" started-at="2019-06-09T07:19:53Z" finished-at="2019-06-09T07:20:02Z">
    <groups>
    </groups>
    <test name="Default test" duration-ms="9165" started-at="2019-06-09T07:19:53Z" finished-at="2019-06-09T07:20:02Z">
      <class name="com.hybridpro.test.Test1001_VerifyLogin">
        <test-method status="PASS" signature="BrowserSetUp()[pri:0, instance:com.hybridpro.test.Test1001_VerifyLogin@146ba0ac]" name="BrowserSetUp" is-config="true" duration-ms="5693" started-at="2019-06-09T12:49:53Z" finished-at="2019-06-09T12:49:59Z">
          <reporter-output>
          </reporter-output>
        </test-method> <!-- BrowserSetUp -->
        <test-method status="PASS" signature="Test1(java.lang.reflect.Method)[pri:0, instance:com.hybridpro.test.Test1001_VerifyLogin@146ba0ac]" name="Test1" duration-ms="1368" started-at="2019-06-09T12:49:59Z" finished-at="2019-06-09T12:50:00Z">
          <params>
            <param index="0">
              <value>
                <![CDATA[public void com.hybridpro.test.Test1001_VerifyLogin.Test1(java.lang.reflect.Method)]]>
              </value>
            </param>
          </params>
          <reporter-output>
          </reporter-output>
        </test-method> <!-- Test1 -->
        <test-method status="PASS" signature="CleanUp()[pri:0, instance:com.hybridpro.test.Test1001_VerifyLogin@146ba0ac]" name="CleanUp" is-config="true" duration-ms="2087" started-at="2019-06-09T12:50:00Z" finished-at="2019-06-09T12:50:02Z">
          <reporter-output>
          </reporter-output>
        </test-method> <!-- CleanUp -->
      </class> <!-- com.hybridpro.test.Test1001_VerifyLogin -->
    </test> <!-- Default test -->
  </suite> <!-- Default suite -->
</testng-results>
